0 info it worked if it ends with ok
1 verbose cli [ '/usr/local/bin/node',
1 verbose cli   '/usr/local/bin/npm',
1 verbose cli   'version',
1 verbose cli   'patch',
1 verbose cli   '-m',
1 verbose cli   'Updated to match API version 0.1.5' ]
2 info using npm@2.5.1
3 info using node@v0.12.0
4 info git [ 'status', '--porcelain' ]
5 verbose stack Error: Git working directory not clean.
5 verbose stack M README.md
5 verbose stack M index.js
5 verbose stack D npm-debug.log
5 verbose stack M test/index.js
5 verbose stack     at /usr/local/lib/node_modules/npm/lib/version.js:138:37
5 verbose stack     at ChildProcess.exithandler (child_process.js:735:7)
5 verbose stack     at ChildProcess.emit (events.js:110:17)
5 verbose stack     at maybeClose (child_process.js:1008:16)
5 verbose stack     at Process.ChildProcess._handle.onexit (child_process.js:1080:5)
6 verbose cwd /Users/monkehworks/Desktop/foaas_node
7 error Darwin 14.1.0
8 error argv "/usr/local/bin/node" "/usr/local/bin/npm" "version" "patch" "-m" "Updated to match API version 0.1.5"
9 error node v0.12.0
10 error npm  v2.5.1
11 error Git working directory not clean.
11 error M README.md
11 error M index.js
11 error D npm-debug.log
11 error M test/index.js
12 error If you need help, you may report this error at:
12 error     <http://github.com/npm/npm/issues>
13 verbose exit [ 1, true ]
